\BOOKMARK [0][-]{chapter.1}{Introducci\363n}{}% 1
\BOOKMARK [1][-]{section.1.1}{Sistemas legacy o heredados}{chapter.1}% 2
\BOOKMARK [1][-]{section.1.2}{Aplicaci\363n seleccionada}{chapter.1}% 3
\BOOKMARK [1][-]{section.1.3}{Propuesta de modernizaci\363n}{chapter.1}% 4
\BOOKMARK [1][-]{section.1.4}{Motivaci\363n de la tesis}{chapter.1}% 5
\BOOKMARK [1][-]{section.1.5}{Organizaci\363n de la Tesis}{chapter.1}% 6
\BOOKMARK [0][-]{chapter.2}{Antecedentes}{}% 7
\BOOKMARK [1][-]{section.2.1}{Introducci\363n}{chapter.2}% 8
\BOOKMARK [1][-]{section.2.2}{Visi\363n general del procesamiento paralelo}{chapter.2}% 9
\BOOKMARK [2][-]{subsection.2.2.1}{Modelos Paralelos}{section.2.2}% 10
\BOOKMARK [2][-]{subsection.2.2.2}{Infraestructuras de hardware para paralelismo}{section.2.2}% 11
\BOOKMARK [1][-]{section.2.3}{C\363mputo de Altas Prestaciones}{chapter.2}% 12
\BOOKMARK [2][-]{subsection.2.3.1}{Ciencia e Ingenier\355a Computacional}{section.2.3}% 13
\BOOKMARK [1][-]{section.2.4}{Fortran}{chapter.2}% 14
\BOOKMARK [2][-]{subsection.2.4.1}{Evoluci\363n del lenguaje}{section.2.4}% 15
\BOOKMARK [1][-]{section.2.5}{OpenMP}{chapter.2}% 16
\BOOKMARK [2][-]{subsection.2.5.1}{La idea de OpenMP}{section.2.5}% 17
\BOOKMARK [2][-]{subsection.2.5.2}{Conjunto de construcciones paralelas}{section.2.5}% 18
\BOOKMARK [1][-]{section.2.6}{OpenMP en Fortran}{chapter.2}% 19
\BOOKMARK [2][-]{subsection.2.6.1}{Centinelas para directivas de OpenMP y compilaci\363n condicional}{section.2.6}% 20
\BOOKMARK [2][-]{subsection.2.6.2}{El constructor de regi\363n paralela}{section.2.6}% 21
\BOOKMARK [2][-]{subsection.2.6.3}{Directiva !\044OMP DO}{section.2.6}% 22
\BOOKMARK [2][-]{subsection.2.6.4}{Clausulas Atributo de Alcance de Datos}{section.2.6}% 23
\BOOKMARK [2][-]{subsection.2.6.5}{Otras Construcciones y Cl\341usulas}{section.2.6}% 24
\BOOKMARK [1][-]{section.2.7}{Proceso de optimizaci\363n}{chapter.2}% 25
\BOOKMARK [2][-]{subsection.2.7.1}{Optimizaci\363n Serial}{section.2.7}% 26
\BOOKMARK [2][-]{subsection.2.7.2}{Optimizaci\363n Paralela}{section.2.7}% 27
\BOOKMARK [1][-]{section.2.8}{Caso de Estudio: Modelizaci\363n del Flujo Inv\355scido}{chapter.2}% 28
\BOOKMARK [0][-]{chapter.3}{Optimizaci\363n e implementaci\363n de multiprocesamiento}{}% 29
\BOOKMARK [1][-]{section.3.1}{Introducci\363n}{chapter.3}% 30
\BOOKMARK [1][-]{section.3.2}{An\341lisis de la aplicaci\363n}{chapter.3}% 31
\BOOKMARK [2][-]{subsection.3.2.1}{An\341lisis de perfilado}{section.3.2}% 32
\BOOKMARK [1][-]{section.3.3}{Optimizaci\363n Serial del c\363digo Fortran}{chapter.3}% 33
\BOOKMARK [2][-]{subsection.3.3.1}{An\341lisis del acceso a datos de la aplicaci\363n}{section.3.3}% 34
\BOOKMARK [2][-]{subsection.3.3.2}{Optimizaci\363n por adaptaci\363n de archivos externos a internos}{section.3.3}% 35
\BOOKMARK [1][-]{section.3.4}{Optimizaci\363n Paralela para Multiprocesamiento}{chapter.3}% 36
\BOOKMARK [2][-]{subsection.3.4.1}{An\341lisis de la subrutina Estela}{section.3.4}% 37
\BOOKMARK [2][-]{subsection.3.4.2}{Optimizaci\363n con OpenMP de subrutina Estela}{section.3.4}% 38
\BOOKMARK [0][-]{chapter.4}{Pruebas de ejecuci\363n}{}% 39
\BOOKMARK [1][-]{section.4.1}{Introducci\363n}{chapter.4}% 40
\BOOKMARK [1][-]{section.4.2}{Equipos/Computadoras/Arquitecturas de prueba}{chapter.4}% 41
\BOOKMARK [1][-]{section.4.3}{Pruebas de tiempo}{chapter.4}% 42
\BOOKMARK [2][-]{subsection.4.3.1}{Estado inicial y primeras mediciones}{section.4.3}% 43
\BOOKMARK [2][-]{subsection.4.3.2}{Optimizaci\363n serial y mediciones intermedias}{section.4.3}% 44
\BOOKMARK [2][-]{subsection.4.3.3}{Optimizaci\363n Paralela y mediciones finales}{section.4.3}% 45
\BOOKMARK [1][-]{section.4.4}{Pruebas con 80x80 paneles}{chapter.4}% 46
\BOOKMARK [2][-]{subsection.4.4.1}{Perfilado de aplicaci\363n con tama\361o 80x80}{section.4.4}% 47
\BOOKMARK [2][-]{subsection.4.4.2}{Versi\363n serial}{section.4.4}% 48
\BOOKMARK [2][-]{subsection.4.4.3}{Versi\363n Optimizada Serialmente}{section.4.4}% 49
\BOOKMARK [2][-]{subsection.4.4.4}{Versi\363n con optimizaci\363n paralela}{section.4.4}% 50
\BOOKMARK [1][-]{section.4.5}{Conclusi\363n}{chapter.4}% 51
\BOOKMARK [0][-]{chapter.5}{Conclusiones y Trabajos Futuros}{}% 52
\BOOKMARK [1][-]{section.5.1}{Conclusiones}{chapter.5}% 53
\BOOKMARK [1][-]{section.5.2}{Trabajos Futuros}{chapter.5}% 54
\BOOKMARK [0][-]{appendix.Alph1}{Referencia del Lenguaje Fortran}{}% 55
\BOOKMARK [1][-]{section.Alph1.1}{Estructuras de Especificaci\363n}{appendix.Alph1}% 56
\BOOKMARK [2][-]{subsection.Alph1.1.1}{COMMON}{section.Alph1.1}% 57
\BOOKMARK [1][-]{section.Alph1.2}{Estructuras de Control}{appendix.Alph1}% 58
\BOOKMARK [2][-]{subsection.Alph1.2.1}{DO indexado}{section.Alph1.2}% 59
\BOOKMARK [2][-]{subsection.Alph1.2.2}{GOTO incondicional}{section.Alph1.2}% 60
\BOOKMARK [2][-]{subsection.Alph1.2.3}{Sentencias IF}{section.Alph1.2}% 61
\BOOKMARK [1][-]{section.Alph1.3}{Entrada Salida y Manejo de Archivos}{appendix.Alph1}% 62
\BOOKMARK [2][-]{subsection.Alph1.3.1}{Formato}{section.Alph1.3}% 63
